<?xml version="1.0" encoding="utf-8"?><testsuites name="pytest tests"><testsuite name="pytest" errors="0" failures="0" skipped="0" tests="5" time="4.696" timestamp="2026-06-27T03:44:20.926006+00:00" hostname="agent-env-eb11e9e1-62ec-48a5-84e6-911ba8872d79"><testcase classname="tests.backend_test.TestAIChat" name="test_chat_empty_message_returns_400" time="0.442" /><testcase classname="tests.backend_test.TestHealth" name="test_root" time="0.162" /><testcase classname="tests.backend_test.TestStatus" name="test_create_and_list_status" time="0.103" /><testcase classname="tests.backend_test.TestAIChat" name="test_chat_returns_reply_with_sales_figure" time="1.317" /><testcase classname="tests.backend_test.TestAIChat" name="test_chat_unrelated_question_stays_in_character" time="2.210" /></testsuite></testsuites>